<?xml version="1.0" encoding="UTF-8"?>
<testng-results ignored="0" total="1" passed="1" failed="0" skipped="0">
  <reporter-output>
  </reporter-output>
  <suite started-at="2020-06-11T15:29:42 EDT" name="Default suite" finished-at="2020-06-11T15:30:06 EDT" duration-ms="23389">
    <groups>
    </groups>
    <test started-at="2020-06-11T15:29:42 EDT" name="Default test" finished-at="2020-06-11T15:30:06 EDT" duration-ms="23389">
      <class name="kdf.Application">
        <test-method signature="verifyInvalidLogin()[pri:0, instance:kdf.Application@76ed1b7c]" started-at="2020-06-11T15:29:42 EDT" name="verifyInvalidLogin" finished-at="2020-06-11T15:30:06 EDT" duration-ms="23345" status="PASS">
          <reporter-output>
          </reporter-output>
        </test-method> <!-- verifyInvalidLogin -->
      </class> <!-- kdf.Application -->
    </test> <!-- Default test -->
  </suite> <!-- Default suite -->
</testng-results>
